Building DAG of jobs...
Using shell: /usr/bin/bash
Provided cores: 1 (use --cores to define parallelism)
Rules claiming more threads will be scaled down.
Job stats:
job                  count
-----------------  -------
oriented_contacts        1
total                    1

Select jobs to execute...

[Fri Dec 12 07:36:00 2025]
rule oriented_contacts:
    input: database/tb_protein_network.db, data/raw/alphafold_dprE1.pdb, data/raw/alphafold_dprE2.pdb
    output: results/oriented_contact_scores.csv
    jobid: 0
    reason: Missing output files: results/oriented_contact_scores.csv
    resources: tmpdir=/tmp

[Fri Dec 12 07:36:00 2025]
Error in rule oriented_contacts:
    jobid: 0
    input: database/tb_protein_network.db, data/raw/alphafold_dprE1.pdb, data/raw/alphafold_dprE2.pdb
    output: results/oriented_contact_scores.csv

RuleException:
CalledProcessError in file /home/urmila/projects/TBInteract/Snakefile, line 38:
Command 'set -euo pipefail;  /home/urmila/projects/TBInteract/venv/bin/python3.10 /home/urmila/projects/TBInteract/.snakemake/scripts/tmp57_sfoy2.orient_and_contact.py' returned non-zero exit status 1.
  File "/home/urmila/projects/TBInteract/Snakefile", line 38, in __rule_oriented_contacts
  File "/usr/lib/python3.10/concurrent/futures/thread.py", line 58, in run
Shutting down, this might take some time.
Exiting because a job execution failed. Look above for error message
Complete log: .snakemake/log/2025-12-12T073559.872275.snakemake.log
