Building DAG of jobs...
Using shell: /usr/bin/bash
Provided cores: 1 (use --cores to define parallelism)
Rules claiming more threads will be scaled down.
Job stats:
job                  count
-----------------  -------
oriented_contacts        1
total                    1

Select jobs to execute...

[Fri Dec 12 07:38:41 2025]
rule oriented_contacts:
    input: database/tb_protein_network.db, data/raw/alphafold_dprE1.pdb, data/raw/alphafold_dprE2.pdb
    output: results/oriented_contact_scores.csv
    jobid: 0
    reason: Missing output files: results/oriented_contact_scores.csv
    resources: tmpdir=/tmp

[Fri Dec 12 07:38:49 2025]
Finished job 0.
1 of 1 steps (100%) done
Complete log: .snakemake/log/2025-12-12T073841.382702.snakemake.log
