Building DAG of jobs...
Using shell: /usr/bin/bash
Provided cores: 1 (use --cores to define parallelism)
Rules claiming more threads will be scaled down.
Job stats:
job          count
---------  -------
diffusion        1
total            1

Select jobs to execute...

[Fri Dec 12 07:12:06 2025]
rule diffusion:
    input: database/tb_protein_network.db
    output: results/diffusion_simulation.csv
    jobid: 0
    reason: Code has changed since last execution
    resources: tmpdir=/tmp

[Fri Dec 12 07:12:09 2025]
Finished job 0.
1 of 1 steps (100%) done
Complete log: .snakemake/log/2025-12-12T071206.119455.snakemake.log
