Building DAG of jobs...
Using shell: /usr/bin/bash
Provided cores: 1 (use --cores to define parallelism)
Rules claiming more threads will be scaled down.
Job stats:
job                   count
------------------  -------
structure_contacts        1
total                     1

Select jobs to execute...

[Fri Dec 12 07:02:38 2025]
rule structure_contacts:
    input: data/raw/alphafold_dprE1.pdb, data/raw/alphafold_dprE2.pdb
    output: results/contact_scores.csv
    jobid: 0
    reason: Missing output files: results/contact_scores.csv
    resources: tmpdir=/tmp

[Fri Dec 12 07:02:40 2025]
Error in rule structure_contacts:
    jobid: 0
    input: data/raw/alphafold_dprE1.pdb, data/raw/alphafold_dprE2.pdb
    output: results/contact_scores.csv

RuleException:
CalledProcessError in file /home/urmila/projects/TBInteract/Snakefile, line 26:
Command 'set -euo pipefail;  /home/urmila/projects/TBInteract/venv/bin/python3.10 /home/urmila/projects/TBInteract/.snakemake/scripts/tmpwm8o5ud8.contact_map.py' returned non-zero exit status 1.
  File "/home/urmila/projects/TBInteract/Snakefile", line 26, in __rule_structure_contacts
  File "/usr/lib/python3.10/concurrent/futures/thread.py", line 58, in run
Shutting down, this might take some time.
Exiting because a job execution failed. Look above for error message
Complete log: .snakemake/log/2025-12-12T070237.906310.snakemake.log
